2025-04-10 11:20:32,780 [Worker-1: Loading available Gradle versions] INFO  o.e.b.c.i.u.g.PublishedGradleVersions - Gradle version information cache is not available. Remote download required.
2025-04-10 12:02:24,694 [Worker-4: Loading available Gradle versions] INFO  o.e.b.c.i.u.g.PublishedGradleVersions - Gradle version information cache is up-to-date. Trying to read.
2025-04-10 12:02:47,864 [Worker-16: Update Maven projects configuration] INFO  o.e.m.c.i.p.ProjectConfigurationManager - Update started
2025-04-10 12:03:40,466 [Worker-16: Update Maven projects configuration] INFO  o.e.m.c.i.l.LifecycleMappingFactory - Using org.eclipse.m2e.jdt.JarLifecycleMapping lifecycle mapping for MavenProject: com.mymusic:ProjetRecoBeats:0.0.1-SNAPSHOT @ C:\Users\Hp\Desktop\ENSIASD\SEMESTER2\JAVA\PROJECT\RecoBeats-main\pom.xml.
2025-04-10 12:03:42,422 [Worker-16: Update Maven projects configuration] INFO  o.e.m.j.i.AbstractJavaProjectConfigurator - Adding source folder /RecoBeats-main/src/main/java
2025-04-10 12:03:42,429 [Worker-16: Update Maven projects configuration] INFO  o.e.m.j.i.AbstractJavaProjectConfigurator - Adding resource folder /RecoBeats-main/src/main/resources
2025-04-10 12:03:42,433 [Worker-16: Update Maven projects configuration] INFO  o.e.m.j.i.AbstractJavaProjectConfigurator - Adding source folder /RecoBeats-main/src/test/java
2025-04-10 12:03:42,435 [Worker-16: Update Maven projects configuration] INFO  o.e.m.j.i.AbstractJavaProjectConfigurator - Adding resource folder /RecoBeats-main/src/test/resources
2025-04-10 12:03:43,697 [Worker-16: Update Maven projects configuration] INFO  o.e.m.c.i.p.ProjectConfigurationManager - Update completed for 1 poms: local refresh takes 0,00 sec, refresh facades takes 53,00 sec, update config takes 2,00 sec 
2025-04-10 12:03:45,494 [Worker-1: Building] INFO  o.e.m.c.i.l.LifecycleMappingFactory - Using org.eclipse.m2e.jdt.JarLifecycleMapping lifecycle mapping for MavenProject: com.mymusic:ProjetRecoBeats:0.0.1-SNAPSHOT @ C:\Users\Hp\Desktop\ENSIASD\SEMESTER2\JAVA\PROJECT\ProjetRecoBeats\pom.xml.
2025-04-10 12:03:46,688 [Worker-1: Building] WARN  o.a.m.s.f.DefaultMavenResourcesFiltering - Using platform encoding (UTF-8 actually) to copy filtered resources, i.e. build is platform dependent!
2025-04-10 12:03:46,691 [Worker-1: Building] INFO  o.a.m.s.f.DefaultMavenResourcesFiltering - skip non existing resourceDirectory C:\Users\Hp\Desktop\ENSIASD\SEMESTER2\JAVA\PROJECT\ProjetRecoBeats\src\main\resources
2025-04-10 12:03:46,698 [Worker-1: Building] WARN  o.a.m.s.f.DefaultMavenResourcesFiltering - Using platform encoding (UTF-8 actually) to copy filtered resources, i.e. build is platform dependent!
2025-04-10 12:03:46,699 [Worker-1: Building] INFO  o.a.m.s.f.DefaultMavenResourcesFiltering - skip non existing resourceDirectory C:\Users\Hp\Desktop\ENSIASD\SEMESTER2\JAVA\PROJECT\ProjetRecoBeats\src\test\resources
2025-04-10 12:03:48,918 [Worker-22: Building] WARN  o.a.m.s.f.DefaultMavenResourcesFiltering - Using platform encoding (UTF-8 actually) to copy filtered resources, i.e. build is platform dependent!
2025-04-10 12:03:48,920 [Worker-22: Building] INFO  o.a.m.s.f.DefaultMavenResourcesFiltering - skip non existing resourceDirectory C:\Users\Hp\Desktop\ENSIASD\SEMESTER2\JAVA\PROJECT\ProjetRecoBeats\src\main\resources
2025-04-10 12:03:48,929 [Worker-22: Building] WARN  o.a.m.s.f.DefaultMavenResourcesFiltering - Using platform encoding (UTF-8 actually) to copy filtered resources, i.e. build is platform dependent!
2025-04-10 12:03:48,938 [Worker-22: Building] INFO  o.a.m.s.f.DefaultMavenResourcesFiltering - skip non existing resourceDirectory C:\Users\Hp\Desktop\ENSIASD\SEMESTER2\JAVA\PROJECT\ProjetRecoBeats\src\test\resources
2025-04-10 12:03:52,894 [Worker-22: Building] WARN  o.a.m.s.f.DefaultMavenResourcesFiltering - Using platform encoding (UTF-8 actually) to copy filtered resources, i.e. build is platform dependent!
2025-04-10 12:03:52,898 [Worker-22: Building] INFO  o.a.m.s.f.DefaultMavenResourcesFiltering - skip non existing resourceDirectory C:\Users\Hp\Desktop\ENSIASD\SEMESTER2\JAVA\PROJECT\RecoBeats-main\src\main\resources
2025-04-10 12:03:52,906 [Worker-22: Building] WARN  o.a.m.s.f.DefaultMavenResourcesFiltering - Using platform encoding (UTF-8 actually) to copy filtered resources, i.e. build is platform dependent!
2025-04-10 12:03:52,908 [Worker-22: Building] INFO  o.a.m.s.f.DefaultMavenResourcesFiltering - skip non existing resourceDirectory C:\Users\Hp\Desktop\ENSIASD\SEMESTER2\JAVA\PROJECT\RecoBeats-main\src\test\resources
2025-04-10 12:03:53,310 [Worker-22: Building] INFO  o.e.m.c.i.l.LifecycleMappingFactory - Using org.eclipse.m2e.jdt.JarLifecycleMapping lifecycle mapping for MavenProject: org.simple:mavenprojet:0.0.1-SNAPSHOT @ C:\Users\Hp\Desktop\ENSIASD\SEMESTER2\JAVA\PROJECT\mavenprojet\pom.xml.
2025-04-10 12:03:54,223 [Worker-22: Building] INFO  o.a.m.s.f.DefaultMavenResourcesFiltering - skip non existing resourceDirectory C:\Users\Hp\Desktop\ENSIASD\SEMESTER2\JAVA\PROJECT\mavenprojet\src\main\resources
2025-04-10 12:03:54,235 [Worker-22: Building] INFO  o.a.m.s.f.DefaultMavenResourcesFiltering - skip non existing resourceDirectory C:\Users\Hp\Desktop\ENSIASD\SEMESTER2\JAVA\PROJECT\mavenprojet\src\test\resources
2025-04-10 12:03:54,590 [Worker-22: Building] INFO  o.e.m.c.i.l.LifecycleMappingFactory - Using org.eclipse.m2e.jdt.JarLifecycleMapping lifecycle mapping for MavenProject: com.mysql:@MYSQL_CJ_EXTENDED_PROD_NAME@:@MYSQL_CJ_VERSION@ @ C:\Users\Hp\Desktop\ENSIASD\SEMESTER2\JAVA\PROJECT\mysql-connector-j-9.2.0\src\build\misc\pom.xml.
2025-04-10 12:03:55,071 [Worker-22: Building] WARN  o.a.m.s.f.DefaultMavenResourcesFiltering - Using platform encoding (UTF-8 actually) to copy filtered resources, i.e. build is platform dependent!
2025-04-10 12:03:55,073 [Worker-22: Building] INFO  o.a.m.s.f.DefaultMavenResourcesFiltering - skip non existing resourceDirectory C:\Users\Hp\Desktop\ENSIASD\SEMESTER2\JAVA\PROJECT\mysql-connector-j-9.2.0\src\build\misc\src\main\resources
2025-04-10 12:03:55,080 [Worker-22: Building] WARN  o.a.m.s.f.DefaultMavenResourcesFiltering - Using platform encoding (UTF-8 actually) to copy filtered resources, i.e. build is platform dependent!
2025-04-10 12:03:55,082 [Worker-22: Building] INFO  o.a.m.s.f.DefaultMavenResourcesFiltering - skip non existing resourceDirectory C:\Users\Hp\Desktop\ENSIASD\SEMESTER2\JAVA\PROJECT\mysql-connector-j-9.2.0\src\build\misc\src\test\resources
2025-04-10 12:03:56,185 [Worker-8: Building] INFO  o.a.m.s.f.DefaultMavenResourcesFiltering - skip non existing resourceDirectory C:\Users\Hp\Desktop\ENSIASD\SEMESTER2\JAVA\PROJECT\mavenprojet\src\main\resources
2025-04-10 12:03:56,188 [Worker-8: Building] INFO  o.a.m.s.f.DefaultMavenResourcesFiltering - skip non existing resourceDirectory C:\Users\Hp\Desktop\ENSIASD\SEMESTER2\JAVA\PROJECT\mavenprojet\src\test\resources
